#
# A fatal error has been detected by the Java Runtime Environment:
#
#  EXCEPTION_ACCESS_VIOLATION (0xc0000005) at pc=0x000000000f1f76e6, pid=7356, tid=38596
#
# JRE version: 6.0_17-b04
# Java VM: Java HotSpot(TM) 64-Bit Server VM (14.3-b01 mixed mode windows-amd64 )
# Problematic frame:
# V  [jvm.dll+0x4776e6]
#
# If you would like to submit a bug report, please visit:
#   http://java.sun.com/webapps/bugreport/crash.jsp
#

---------------  T H R E A D  ---------------

Current thread (0x00000000618a7800):  JavaThread "Main message loop" daemon [_thread_in_vm, id=38596, stack(0x0000000036d90000,0x0000000036e10000)]

siginfo: ExceptionCode=0xc0000005, writing address 0x000007fee08a4fe8

Registers:
EAX=0x00000000618a7800, EBX=0x00000000618a7800, ECX=0x000000000000002e, EDX=0x0000000036dfd5b8
ESP=0x0000000036dfd4b0, EBP=0x0000000036dfd578, ESI=0x000007fee08a4fe8, EDI=0x11cf98b53050f1ff
EIP=0x000000000f1f76e6, EFLAGS=0x0000000000010246

Top of Stack: (sp=0x0000000036dfd4b0)
0x0000000036dfd4b0:   00000000000000b9 00000000618a7800
0x0000000036dfd4c0:   0000000036dfd778 000000000ee6004e
0x0000000036dfd4d0:   00000000386e5969 0000000040412d58
0x0000000036dfd4e0:   000000003b7cdd38 00000000386f1588
0x0000000036dfd4f0:   0000000022c0a840 000000000ef72f28
0x0000000036dfd500:   0000000022c09cf0 0000000022c09d10
0x0000000036dfd510:   0000000022c09d18 0000000022c09d30
0x0000000036dfd520:   00000000fffffffc 00000000618a7800
0x0000000036dfd530:   00000000618a7800 0000000036dfd538
0x0000000036dfd540:   0000000000000000 0000000036dfd5b8
0x0000000036dfd550:   000000003b7d0d08 0000000000000000
0x0000000036dfd560:   000000003b7cdd38 0000000000000000
0x0000000036dfd570:   0000000036dfd598 0000000036dfd600
0x0000000036dfd580:   00000000386e5ac2 0000000000000000
0x0000000036dfd590:   00000000386ede58 11cf98b53050f1ff
0x0000000036dfd5a0:   0000000000000000 000007fee08a4fe8 

Instructions: (pc=0x000000000f1f76e6)
0x000000000f1f76d6:   7c 02 00 40 f6 c6 07 c6 80 3c 02 00 00 01 75 05
0x000000000f1f76e6:   48 89 3e eb 09 89 3e 48 c1 ef 20 89 7e 04 c6 80 


Stack: [0x0000000036d90000,0x0000000036e10000],  sp=0x0000000036dfd4b0,  free space=437k
Native frames: (J=compiled Java code, j=interpreted, Vv=VM code, C=native code)
V  [jvm.dll+0x4776e6]
j  java.nio.DirectByteBuffer.putLong(JJ)Ljava/nio/ByteBuffer;+30
j  java.nio.DirectByteBuffer.putLong(IJ)Ljava/nio/ByteBuffer;+13
j  com.jniwrapper.g.writePointer(IJ)V+15
j  com.jniwrapper.win32.automation.types.SafeArray.setHandle(J)V+9
j  com.jniwrapper.win32.automation.types.SafeArray.a(J)V+8
j  com.jniwrapper.win32.automation.types.SafeArray.acceptIOPerformer(Lcom/jniwrapper/IOPerformer;Lcom/jniwrapper/DataBuffer;IZZ)V+21
J  com.jniwrapper.Pointer.readReferencedObject(Z)V
j  com.jniwrapper.win32.automation.types.Variant.b(Lcom/jniwrapper/DataBuffer;IZILcom/jniwrapper/Parameter;)V+61
j  com.jniwrapper.win32.automation.types.Variant.read(Lcom/jniwrapper/DataBuffer;IZ)V+35
j  com.jniwrapper.win32.automation.types.Variant.acceptIOPerformer(Lcom/jniwrapper/IOPerformer;Lcom/jniwrapper/DataBuffer;IZZ)V+21

Java frames: (J=compiled Java code, j=interpreted, Vv=VM code)
j  sun.misc.Unsafe.putLong(JJ)V+0
j  java.nio.DirectByteBuffer.putLong(JJ)Ljava/nio/ByteBuffer;+30
j  java.nio.DirectByteBuffer.putLong(IJ)Ljava/nio/ByteBuffer;+13
j  com.jniwrapper.g.writePointer(IJ)V+15
j  com.jniwrapper.win32.automation.types.SafeArray.setHandle(J)V+9
j  com.jniwrapper.win32.automation.types.SafeArray.a(J)V+8
j  com.jniwrapper.win32.automation.types.SafeArray.acceptIOPerformer(Lcom/jniwrapper/IOPerformer;Lcom/jniwrapper/DataBuffer;IZZ)V+21
J  com.jniwrapper.Pointer.readReferencedObject(Z)V
j  com.jniwrapper.Pointer.read(Lcom/jniwrapper/DataBuffer;IZ)V+21
j  com.jniwrapper.win32.automation.types.Variant.b(Lcom/jniwrapper/DataBuffer;IZILcom/jniwrapper/Parameter;)V+61
j  com.jniwrapper.win32.automation.types.Variant.read(Lcom/jniwrapper/DataBuffer;IZ)V+35
j  com.jniwrapper.win32.automation.types.Variant.acceptIOPerformer(Lcom/jniwrapper/IOPerformer;Lcom/jniwrapper/DataBuffer;IZZ)V+21
J  com.jniwrapper.Pointer.pop(Lcom/jniwrapper/DataBuffer;IZ)V
J  com.jniwrapper.Parameter.b(Lcom/jniwrapper/DataBuffer;IZ)V
J  com.jniwrapper.Callback.enterPoint(JI)J
v  ~StubRoutines::call_stub
J  com.jniwrapper.Function.invokeCFunc(JJB[BII[II)I
J  com.jniwrapper.FunctionCall.a(ZJJJIBLcom/jniwrapper/Parameter;[Lcom/jniwrapper/Parameter;)J
J  com.jniwrapper.FunctionCall.call(JJBLcom/jniwrapper/Parameter;[Lcom/jniwrapper/Parameter;)J
j  com.jniwrapper.Function.invoke(Lcom/jniwrapper/Parameter;[Lcom/jniwrapper/Parameter;)J+24
j  com.jniwrapper.Function.invoke(Lcom/jniwrapper/Parameter;Lcom/jniwrapper/Parameter;)J+10
j  com.jniwrapper.win32.MessageLoopThread$LoopThread.run()V+299
v  ~StubRoutines::call_stub

---------------  P R O C E S S  ---------------

Java Threads: ( => current thread )
  0x00000000618a6000 JavaThread "SwingWorker-pool-7-thread-6" [_thread_blocked, id=38340, stack(0x0000000073e80000,0x0000000073f00000)]
  0x00000000618aa800 JavaThread "SwingWorker-pool-7-thread-5" [_thread_blocked, id=38724, stack(0x0000000073ab0000,0x0000000073b30000)]
  0x00000000618a7000 JavaThread "Timer-347" daemon [_thread_blocked, id=37328, stack(0x000000006bb00000,0x000000006bb80000)]
=>0x00000000618a7800 JavaThread "Main message loop" daemon [_thread_in_vm, id=38596, stack(0x0000000036d90000,0x0000000036e10000)]
  0x00000000618a9000 JavaThread "com.jniwrapper.NativeResourceCollector" daemon [_thread_blocked, id=38120, stack(0x0000000064640000,0x00000000646c0000)]
  0x00000000618a8000 JavaThread "Foxtrot Single Worker Thread #1" daemon [_thread_blocked, id=32680, stack(0x0000000036a00000,0x0000000036a80000)]
  0x0000000060fde000 JavaThread "Timer-227" [_thread_blocked, id=19832, stack(0x0000000036e90000,0x0000000036f10000)]
  0x0000000060fe1000 JavaThread "Swing-Shell" daemon [_thread_blocked, id=21200, stack(0x0000000036f30000,0x0000000036fb0000)]
  0x0000000060fdf800 JavaThread "Code Analyzer updating thread" [_thread_blocked, id=22184, stack(0x00000000360d0000,0x0000000036150000)]
  0x0000000060fd6800 JavaThread "Code Analyzer updating thread" [_thread_blocked, id=10472, stack(0x00000000240b0000,0x0000000024130000)]
  0x0000000060fdd000 JavaThread "Prefs Updater" daemon [_thread_blocked, id=18780, stack(0x0000000022cd0000,0x0000000022d50000)]
  0x0000000060fdc800 JavaThread "Active Reference Queue Daemon" daemon [_thread_blocked, id=6000, stack(0x0000000021430000,0x00000000214b0000)]
  0x0000000060fda800 JavaThread "Timer-9" daemon [_thread_blocked, id=21988, stack(0x00000000214c0000,0x0000000021540000)]
  0x0000000060fdb000 JavaThread "Timer-8" daemon [_thread_blocked, id=6532, stack(0x0000000037020000,0x00000000370a0000)]
  0x0000000060fd9800 JavaThread "Explorer NavigationContext request queue" [_thread_blocked, id=10660, stack(0x0000000018e30000,0x0000000018eb0000)]
  0x0000000060fd8000 JavaThread "AddressBar directory emptiness poller" [_thread_blocked, id=19360, stack(0x0000000018ed0000,0x0000000018f50000)]
  0x0000000060fd7800 JavaThread "Explorer Refresh Service 1861733324" [_thread_blocked, id=17760, stack(0x0000000019050000,0x00000000190d0000)]
  0x0000000060fd6000 JavaThread "Timer-1" daemon [_thread_blocked, id=18772, stack(0x0000000018a70000,0x0000000018af0000)]
  0x0000000060fd5000 JavaThread "TimerQueue" daemon [_thread_blocked, id=15348, stack(0x0000000018510000,0x0000000018590000)]
  0x0000000060fd4800 JavaThread "Thread-5" daemon [_thread_blocked, id=19568, stack(0x0000000015b70000,0x0000000015bf0000)]
  0x0000000060fd4000 JavaThread "AWT-EventQueue-0" [_thread_blocked, id=16420, stack(0x0000000015400000,0x0000000015480000)]
  0x0000000060fd3000 JavaThread "AWT-Shutdown" [_thread_blocked, id=20892, stack(0x0000000015840000,0x00000000158c0000)]
  0x0000000060fd2800 JavaThread "FelixPackageAdmin" daemon [_thread_blocked, id=21648, stack(0x0000000015a70000,0x0000000015af0000)]
  0x0000000060fd1800 JavaThread "FelixStartLevel" daemon [_thread_blocked, id=22120, stack(0x0000000015930000,0x00000000159b0000)]
  0x0000000061749800 JavaThread "FelixDispatchQueue" daemon [_thread_blocked, id=23404, stack(0x00000000155f0000,0x0000000015670000)]
  0x0000000061329000 JavaThread "com.google.common.base.internal.Finalizer" daemon [_thread_blocked, id=5464, stack(0x00000000152a0000,0x0000000015320000)]
  0x000000006125b000 JavaThread "AWT-Windows" daemon [_thread_blocked, id=12084, stack(0x0000000061ea0000,0x0000000061f20000)]
  0x00000000611cf800 JavaThread "Java2D Disposer" daemon [_thread_blocked, id=16304, stack(0x0000000061e00000,0x0000000061e80000)]
  0x0000000060cb2000 JavaThread "Timer-0" [_thread_blocked, id=19756, stack(0x0000000053b70000,0x0000000053bf0000)]
  0x0000000060cb6000 JavaThread "EventMgr Dispatcher" daemon [_thread_in_native, id=21000, stack(0x000000000a380000,0x000000000e380000)]
  0x000000005fdb6000 JavaThread "Low Memory Detector" daemon [_thread_blocked, id=13348, stack(0x000000004faf0000,0x000000004fb70000)]
  0x000000005fdae000 JavaThread "CompilerThread1" daemon [_thread_blocked, id=23260, stack(0x0000000080000000,0x0000000084000000)]
  0x000000005fdac000 JavaThread "CompilerThread0" daemon [_thread_blocked, id=18504, stack(0x000000006c770000,0x0000000070770000)]
  0x000000005fd62000 JavaThread "Attach Listener" daemon [_thread_blocked, id=21052, stack(0x000000005fed0000,0x000000005ff50000)]
  0x000000005fd45800 JavaThread "Finalizer" daemon [_thread_blocked, id=13868, stack(0x000000005ff80000,0x0000000060000000)]
  0x000000005fd44800 JavaThread "Reference Handler" daemon [_thread_blocked, id=13400, stack(0x0000000032060000,0x00000000320e0000)]
  0x0000000007043800 JavaThread "main" [_thread_in_native, id=9724, stack(0x00000000001b0000,0x00000000041b0000)]

Other Threads:
  0x000000005fd41800 VMThread [stack: 0x0000000064730000,0x0000000068730000] [id=17684]
  0x000000005fdd1000 WatcherThread [stack: 0x0000000084050000,0x0000000088050000] [id=20900]

VM state:synchronizing (normal execution)

VM Mutex/Monitor currently owned by a thread:  ([mutex/lock_event])
[0x00000000070416a0] Threads_lock - owner thread: 0x000000005fd41800

Heap
 PSYoungGen      total 29824K, used 13499K [0x000000004c9e0000, 0x000000004eb30000, 0x000000004fae0000)
  eden space 25664K, 43% used [0x000000004c9e0000,0x000000004d4c2568,0x000000004e2f0000)
  from space 4160K, 56% used [0x000000004e720000,0x000000004e96ca90,0x000000004eb30000)
  to   space 4224K, 0% used [0x000000004e2f0000,0x000000004e2f0000,0x000000004e710000)
 PSOldGen        total 118400K, used 91098K [0x00000000436e0000, 0x000000004aa80000, 0x000000004c9e0000)
  object space 118400K, 76% used [0x00000000436e0000,0x0000000048fd6af8,0x000000004aa80000)
 PSPermGen       total 121920K, used 82944K [0x000000003b6e0000, 0x0000000042df0000, 0x00000000436e0000)
  object space 121920K, 68% used [0x000000003b6e0000,0x00000000407e0388,0x0000000042df0000)

Dynamic libraries:
0x000000013f3f0000 - 0x000000013f41d000 	E:\software\matlab\bin\win64\MATLAB.exe
0x0000000077490000 - 0x0000000077639000 	C:\windows\SYSTEM32\ntdll.dll
0x0000000077270000 - 0x0000000077390000 	C:\windows\system32\kernel32.dll
0x000007fefd2d0000 - 0x000007fefd33c000 	C:\windows\system32\KERNELBASE.dll
0x0000000074460000 - 0x000000007451f000 	E:\software\matlab\bin\win64\libut.dll
0x00000000758a0000 - 0x000000007595c000 	E:\software\matlab\bin\win64\libmwi18n.dll
0x0000000180000000 - 0x000000018000b000 	E:\software\matlab\bin\win64\libmwresource_core.dll
0x0000000077e30000 - 0x0000000077f03000 	C:\windows\WinSxS\amd64_microsoft.vc90.crt_1fc8b3b9a1e18e3b_9.0.30729.6161_none_08e61857a83bc251\MSVCP90.dll
0x000000006c540000 - 0x000000006c5e3000 	C:\windows\WinSxS\amd64_microsoft.vc90.crt_1fc8b3b9a1e18e3b_9.0.30729.6161_none_08e61857a83bc251\MSVCR90.dll
0x000000007a170000 - 0x000000007a19c000 	E:\software\matlab\bin\win64\boost_filesystem-vc90-mt-1_44.dll
0x000000007a560000 - 0x000000007a569000 	E:\software\matlab\bin\win64\boost_system-vc90-mt-1_44.dll
0x000007feff330000 - 0x000007feff40b000 	C:\windows\system32\ADVAPI32.dll
0x000007feff290000 - 0x000007feff32f000 	C:\windows\system32\msvcrt.dll
0x000007feff780000 - 0x000007feff79f000 	C:\windows\SYSTEM32\sechost.dll
0x000007feff090000 - 0x000007feff1bd000 	C:\windows\system32\RPCRT4.dll
0x000000007a010000 - 0x000000007a035000 	E:\software\matlab\bin\win64\LIBEXPAT.dll
0x0000000073290000 - 0x0000000073481000 	E:\software\matlab\bin\win64\icuin44.dll
0x0000000074030000 - 0x00000000741a1000 	E:\software\matlab\bin\win64\icuuc44.dll
0x0000000010000000 - 0x0000000010e41000 	E:\software\matlab\bin\win64\icudt44.dll
0x0000000004360000 - 0x000000000450d000 	E:\software\matlab\bin\win64\libmwfl.dll
0x0000000004510000 - 0x00000000048c6000 	E:\software\matlab\bin\win64\libmwMATLAB_res.dll
0x000000007a3b0000 - 0x000000007a3c0000 	E:\software\matlab\bin\win64\boost_date_time-vc90-mt-1_44.dll
0x000000007a250000 - 0x000000007a263000 	E:\software\matlab\bin\win64\boost_signals-vc90-mt-1_44.dll
0x000000007a2d0000 - 0x000000007a2e2000 	E:\software\matlab\bin\win64\boost_thread-vc90-mt-1_44.dll
0x00000000048d0000 - 0x000000000498d000 	E:\software\matlab\bin\win64\boost_log-vc90-mt-1_44.dll
0x0000000077660000 - 0x0000000077667000 	C:\windows\system32\PSAPI.DLL
0x000007fefd940000 - 0x000007fefd98d000 	C:\windows\system32\WS2_32.dll
0x000007fefd930000 - 0x000007fefd938000 	C:\windows\system32\NSI.dll
0x00000000041e0000 - 0x0000000004226000 	E:\software\matlab\bin\win64\tbb.dll
0x000007fefd5f0000 - 0x000007fefd609000 	C:\windows\system32\imagehlp.dll
0x0000000064560000 - 0x0000000064573000 	E:\software\matlab\bin\win64\icuio44.dll
0x000007fef7470000 - 0x000007fef7595000 	C:\windows\system32\dbghelp.dll
0x0000000077390000 - 0x000000007748a000 	C:\windows\system32\USER32.dll
0x000007fefeab0000 - 0x000007fefeb17000 	C:\windows\system32\GDI32.dll
0x000007feff080000 - 0x000007feff08e000 	C:\windows\system32\LPK.dll
0x000007feff1c0000 - 0x000007feff289000 	C:\windows\system32\USP10.dll
0x0000000004990000 - 0x0000000004c6c000 	E:\software\matlab\bin\win64\libmwservices.dll
0x0000000075a20000 - 0x0000000075af3000 	E:\software\matlab\bin\win64\libmx.dll
0x0000000004c80000 - 0x0000000004ca9000 	E:\software\matlab\bin\win64\tbbmalloc.dll
0x000000007a210000 - 0x000000007a228000 	E:\software\matlab\bin\win64\zlib1.dll
0x0000000004cd0000 - 0x0000000004d1d000 	E:\software\matlab\bin\win64\libmwregexp.dll
0x0000000004d30000 - 0x0000000004d53000 	E:\software\matlab\bin\win64\libmwmfl_scalar.dll
0x0000000075f10000 - 0x0000000075f60000 	E:\software\matlab\bin\win64\mpath.dll
0x000000007b680000 - 0x000000007bc9a000 	E:\software\matlab\bin\win64\mlutil.dll
0x00000000754d0000 - 0x0000000075551000 	E:\software\matlab\bin\win64\xmlcore.dll
0x0000000004da0000 - 0x0000000004ff3000 	E:\software\matlab\bin\win64\xerces-c_2_7.dll
0x0000000005010000 - 0x0000000005030000 	E:\software\matlab\bin\win64\libmwMATLAB_settings_res.dll
0x0000000005040000 - 0x0000000005050000 	E:\software\matlab\bin\win64\boost_iostreams-vc90-mt-1_44.dll
0x0000000005060000 - 0x00000000050a7000 	E:\software\matlab\bin\win64\boost_serialization-vc90-mt-1_44.dll
0x000007fefd990000 - 0x000007fefe719000 	C:\windows\system32\SHELL32.dll
0x000007fefe7f0000 - 0x000007fefe861000 	C:\windows\system32\SHLWAPI.dll
0x000007fef9200000 - 0x000007fef92a0000 	C:\windows\WinSxS\amd64_microsoft.windows.common-controls_6595b64144ccf1df_5.82.7601.18837_none_a4d981ff711297b6\COMCTL32.dll
0x000007fefe720000 - 0x000007fefe7b7000 	C:\windows\system32\COMDLG32.dll
0x000007fefab40000 - 0x000007fefab56000 	C:\windows\system32\NETAPI32.dll
0x000007fefab30000 - 0x000007fefab3c000 	C:\windows\system32\netutils.dll
0x000007fefcc40000 - 0x000007fefcc63000 	C:\windows\system32\srvcli.dll
0x000007fefab10000 - 0x000007fefab25000 	C:\windows\system32\wkscli.dll
0x000007fefd610000 - 0x000007fefd813000 	C:\windows\system32\ole32.dll
0x000007fefeb20000 - 0x000007fefebf7000 	C:\windows\system32\OLEAUT32.dll
0x0000000074970000 - 0x0000000074a31000 	E:\software\matlab\bin\win64\mcr.dll
0x0000000075000000 - 0x00000000753e9000 	E:\software\matlab\bin\win64\iqm.dll
0x0000000074e80000 - 0x0000000074f38000 	E:\software\matlab\bin\win64\m_dispatcher.dll
0x0000000074880000 - 0x000000007496d000 	E:\software\matlab\bin\win64\boost_regex-vc90-mt-1_44.dll
0x000007fee34b0000 - 0x000007fee3d21000 	E:\software\matlab\bin\win64\m_interpreter.dll
0x0000000005110000 - 0x0000000005137000 	E:\software\matlab\bin\win64\libmex.dll
0x0000000074bc0000 - 0x0000000074c44000 	E:\software\matlab\bin\win64\profiler.dll
0x0000000005160000 - 0x00000000053ca000 	E:\software\matlab\bin\win64\libmwmathutil.dll
0x0000000079f40000 - 0x0000000079f6e000 	E:\software\matlab\bin\win64\libmwmathrng.dll
0x00000000053f0000 - 0x0000000005402000 	E:\software\matlab\bin\win64\libmwmfl_rng.dll
0x0000000005420000 - 0x00000000054fe000 	E:\software\matlab\bin\win64\libmwmathcore.dll
0x0000000076160000 - 0x00000000761ca000 	E:\software\matlab\bin\win64\libmwspmatrix.dll
0x0000000075ea0000 - 0x0000000075f02000 	E:\software\matlab\bin\win64\libmwcholmod.dll
0x000000007a460000 - 0x000000007a46d000 	E:\software\matlab\bin\win64\libmwamd.dll
0x000000007a4b0000 - 0x000000007a4bc000 	E:\software\matlab\bin\win64\libmwcolamd.dll
0x000000007a290000 - 0x000000007a2a9000 	E:\software\matlab\bin\win64\libmwblas.dll
0x000000007a310000 - 0x000000007a321000 	E:\software\matlab\bin\win64\libmwbinder.dll
0x000000007a4d0000 - 0x000000007a4dc000 	E:\software\matlab\bin\win64\libmwompwrapper.dll
0x0000000005580000 - 0x0000000005605000 	E:\software\matlab\bin\win64\libmwlapack.dll
0x00000000798d0000 - 0x00000000798f1000 	E:\software\matlab\bin\win64\m_pcodeio.dll
0x0000000079b10000 - 0x0000000079b77000 	E:\software\matlab\bin\win64\m_ir.dll
0x0000000077fa0000 - 0x0000000078610000 	E:\software\matlab\bin\win64\m_parser.dll
0x0000000079e50000 - 0x0000000079e6a000 	E:\software\matlab\bin\win64\ir_xfmr.dll
0x000007fee3210000 - 0x000007fee34a6000 	E:\software\matlab\bin\win64\mcos.dll
0x0000000079950000 - 0x0000000079961000 	E:\software\matlab\bin\win64\mtok.dll
0x00000000793f0000 - 0x0000000079421000 	E:\software\matlab\bin\win64\m_pcodegen.dll
0x0000000079fb0000 - 0x0000000079fe6000 	E:\software\matlab\bin\win64\libmwbridge.dll
0x00000000056a0000 - 0x0000000005768000 	E:\software\matlab\bin\win64\udd.dll
0x0000000073c80000 - 0x0000000073dd2000 	E:\software\matlab\bin\win64\libmwgui.dll
0x0000000079560000 - 0x0000000079577000 	E:\software\matlab\bin\win64\graphics_util.dll
0x00000000057a0000 - 0x00000000061ff000 	E:\software\matlab\bin\win64\hg.dll
0x0000000006210000 - 0x0000000006278000 	E:\software\matlab\bin\win64\libmat.dll
0x0000000072d30000 - 0x0000000072f44000 	E:\software\matlab\bin\win64\hdf5dll.dll
0x0000000075710000 - 0x00000000757de000 	E:\software\matlab\bin\win64\jmi.dll
0x00000000062b0000 - 0x00000000062bd000 	E:\software\matlab\bin\win64\nativejava_services.dll
0x0000000075970000 - 0x00000000759b6000 	E:\software\matlab\bin\win64\libmwhardcopy.dll
0x00000000062e0000 - 0x0000000006343000 	E:\software\matlab\bin\win64\libuij.dll
0x0000000072460000 - 0x00000000726c4000 	E:\software\matlab\bin\win64\hgdatatypes.dll
0x0000000074610000 - 0x000000007472f000 	E:\software\matlab\bin\win64\hgutils.dll
0x0000000006380000 - 0x0000000006440000 	E:\software\matlab\bin\win64\udd_mi.dll
0x0000000006450000 - 0x000000000648b000 	E:\software\matlab\bin\win64\libmwgbtutils.dll
0x00000000064a0000 - 0x00000000064bb000 	E:\software\matlab\bin\win64\libmwgbt.dll
0x00000000064d0000 - 0x00000000067a1000 	E:\software\matlab\bin\win64\uiw.dll
0x0000000064550000 - 0x000000006455f000 	E:\software\matlab\bin\win64\uinone.dll
0x00000000067d0000 - 0x00000000067f9000 	E:\software\matlab\bin\win64\libmwnativefiledialogs.dll
0x0000000006810000 - 0x0000000006818000 	E:\software\matlab\bin\win64\libmwplatform_res.dll
0x000007fef4d90000 - 0x000007fef4da8000 	C:\windows\system32\MPR.dll
0x0000000006830000 - 0x0000000006d14000 	C:\windows\WinSxS\amd64_microsoft.vc90.mfc_1fc8b3b9a1e18e3b_9.0.30729.6161_none_044aad0bab1eb146\mfc90.dll
0x000007fefc4a0000 - 0x000007fefc4a7000 	C:\windows\system32\MSIMG32.dll
0x000007fefacb0000 - 0x000007fefad21000 	C:\windows\system32\WINSPOOL.DRV
0x0000000006d20000 - 0x0000000006d42000 	E:\software\matlab\bin\win64\mwoles05.DLL
0x0000000006d60000 - 0x0000000006ddd000 	E:\software\matlab\bin\win64\comcli.dll
0x0000000078b50000 - 0x0000000078b7f000 	C:\windows\WinSxS\amd64_microsoft.vc90.atl_1fc8b3b9a1e18e3b_9.0.30729.6161_none_0a1fd3a3a768b895\ATL90.DLL
0x0000000006df0000 - 0x0000000006dfc000 	E:\software\matlab\bin\win64\mlautoregister.dll
0x000007fefe7c0000 - 0x000007fefe7ee000 	C:\windows\system32\IMM32.DLL
0x000007fefd820000 - 0x000007fefd929000 	C:\windows\system32\MSCTF.dll
0x0000000006f40000 - 0x0000000006f9a000 	C:\WINDOWS\System32\PopupWndBlocker64.dll
0x000007fefb970000 - 0x000007fefb9c6000 	C:\windows\system32\UxTheme.dll
0x000007fefb480000 - 0x000007fefb498000 	C:\windows\system32\dwmapi.dll
0x000000006bbd0000 - 0x000000006bbd9000 	C:\windows\WinSxS\amd64_microsoft.vc90.mfcloc_1fc8b3b9a1e18e3b_9.0.30729.6161_none_01c9581e60cbee58\MFC90CHS.DLL
0x000007fefd030000 - 0x000007fefd087000 	C:\windows\system32\apphelp.dll
0x000007fef3c90000 - 0x000007fef4510000 	C:\windows\system32\SOGOUPY.IME
0x000007fefac50000 - 0x000007fefaca4000 	C:\windows\system32\OLEACC.dll
0x000007fefa8b0000 - 0x000007fefa8dd000 	C:\windows\system32\ntmarta.dll
0x000007fefea50000 - 0x000007fefeaa2000 	C:\windows\system32\WLDAP32.dll
0x000007fefbf10000 - 0x000007fefbf1c000 	C:\windows\system32\VERSION.dll
0x000007fef4900000 - 0x000007fef492a000 	C:\Program Files\SogouInput\Components\SgAppender\1.0.0.207\SgAppender_Dll64.dll
0x000000000ed80000 - 0x000000000f3dd000 	E:\software\matlab\sys\java\jre\win64\jre\bin\server\jvm.dll
0x000007fefac10000 - 0x000007fefac4b000 	C:\windows\system32\WINMM.dll

VM Arguments:
jvm_args: -Xss512k -XX:PermSize=32m -Xms64m -XX:NewRatio=3 -XX:MaxPermSize=128m -Xmx196m -XX:MaxDirectMemorySize=2147400000 -Dsun.java2d.noddraw=true -Dsun.awt.nopixfmt=true -Xshare:off -Xrs -Dsun.awt.disableMixing=true -Djava.library.path=E:\software\matlab\bin\win64;E:\software\matlab\sys\jxbrowser\win64\lib vfprintf abort -Duser.language=en -Duser.country=US 
java_command: <unknown>
Launcher Type: generic

Environment Variables:
JAVA_HOME=E:\software\Java\JDK
CLASSPATH=.;E:\software\Java\JDK\lib\dt.jar;E:\software\Java\JDK\lib\tools.jar
PATH=E:\software\Python27\;E:\software\Python27\Scripts;E:\software\Python35\Scripts\;E:\software\Python35\;C:\ProgramData\Oracle\Java\javapath;C:\Program Files (x86)\NVIDIA Corporation\PhysX\Common;C:\Program Files (x86)\Intel\iCLS Client\;C:\Program Files\Intel\iCLS Client\;C:\windows\system32;C:\windows;C:\windows\System32\Wbem;C:\windows\System32\WindowsPowerShell\v1.0\;C:\Program Files\Intel\Intel(R) Management Engine Components\DAL;C:\Program Files\Intel\Intel(R) Management Engine Components\IPT;C:\Program Files (x86)\Intel\Intel(R) Management Engine Components\DAL;C:\Program Files (x86)\Intel\Intel(R) Management Engine Components\IPT;C:\Program Files\WIDCOMM\Bluetooth Software\;C:\Program Files\WIDCOMM\Bluetooth Software\syswow64;E:\software\Java\JDK\bin;E:\software\Java\JDK\jre\bin;C:\Program Files\TortoiseGit\bin;E:\software\matlab\runtime\win64;E:\software\matlab\bin;E:\software\gradle-1.6-bin\gradle-1.6\bin;E:\software\android-sdk-windows\android-sdk-windows\tools;E:\software\android-sdk-windows\android-sdk-windows\platform-tools;C:\Program Files (x86)\Windows Kits\8.1\Windows Performance Toolkit\;C:\Program Files\Microsoft SQL Server\110\Tools\Binn\;C:\Program Files (x86)\Microsoft SDKs\TypeScript\1.0\;C:\Program Files\Microsoft SQL Server\120\Tools\Binn\;E:\software\Git\Git\bin;E:\software\modelsim\win64;E:\software\modelsim6.5\win32;E:\software\visual studio2013\VC\bin
USERNAME=Luffy
OS=Windows_NT
PROCESSOR_IDENTIFIER=Intel64 Family 6 Model 58 Stepping 9, GenuineIntel



---------------  S Y S T E M  ---------------

OS: Windows 7 Build 7601 Service Pack 1

CPU:total 4 (8 cores per cpu, 2 threads per core) family 6 model 58 stepping 9, cmov, cx8, fxsr, mmx, sse, sse2, sse3, ssse3, sse4.1, sse4.2, ht

Memory: 4k page, physical 4094316k(1214252k free), swap 12068424k(2541012k free)

vm_info: Java HotSpot(TM) 64-Bit Server VM (14.3-b01) for windows-amd64 JRE (1.6.0_17-b04), built on Oct 11 2009 00:46:08 by "java_re" with MS VC++ 8.0

time: Sun Oct 09 17:33:01 2016
elapsed time: 16459 seconds

